1542547079711	geckodriver	INFO	geckodriver 0.21.0
1542547079924	geckodriver	INFO	Listening on 127.0.0.1:56512
1542547080685	mozrunner::runner	INFO	Running command: "/Applications/Firefox.app/Contents/MacOS/firefox-bin" "-marionette" "-foreground" "-no-remote" "-profile" "/var/folders/py/1m32thzs32b7w52nsckg_x280000gn/T/rust_mozprofile.UMsNsXOuZs1y"
2018-11-18 18:18:08.616 plugin-container[8772:387569] *** CFMessagePort: bootstrap_register(): failed 1100 (0x44c) 'Permission denied', port = 0x8b07, name = 'com.apple.tsm.portname'
See /usr/include/servers/bootstrap_defs.h for the error codes.
2018-11-18 18:18:08.985 plugin-container[8773:387602] *** CFMessagePort: bootstrap_register(): failed 1100 (0x44c) 'Permission denied', port = 0x7e3b, name = 'com.apple.tsm.portname'
See /usr/include/servers/bootstrap_defs.h for the error codes.
1542547091239	Marionette	INFO	Listening on port 56536
1542547092539	Marionette	WARN	TLS certificate errors will be ignored for this session
2018-11-18 18:18:13.212 plugin-container[8773:387602] unable to obtain configuration from file:///Library/Preferences/com.apple.ViewBridge.plist due to Error Domain=NSCocoaErrorDomain Code=257 "The file “com.apple.ViewBridge.plist” couldn’t be opened because you don’t have permission to view it." UserInfo={NSFilePath=/Library/Preferences/com.apple.ViewBridge.plist, NSUnderlyingError=0x1120e2cd0 {Error Domain=NSPOSIXErrorDomain Code=1 "Operation not permitted"}}
2018-11-18 18:18:13.216 plugin-container[8773:387612] +[NSXPCSharedListener endpointForReply:withListenerName:]: an error occurred while attempting to obtain endpoint for listener 'ClientCallsAuxiliary': Connection invalid
1542547093314	Marionette	DEBUG	[4294967297] Frame script loaded
1542547093315	Marionette	DEBUG	[4294967297] Frame script registered
2018-11-18 18:18:13.332 plugin-container[8772:387569] unable to obtain configuration from file:///Library/Preferences/com.apple.ViewBridge.plist due to Error Domain=NSCocoaErrorDomain Code=257 "The file “com.apple.ViewBridge.plist” couldn’t be opened because you don’t have permission to view it." UserInfo={NSFilePath=/Library/Preferences/com.apple.ViewBridge.plist, NSUnderlyingError=0x10edde9a0 {Error Domain=NSPOSIXErrorDomain Code=1 "Operation not permitted"}}
2018-11-18 18:18:13.338 plugin-container[8772:387570] +[NSXPCSharedListener endpointForReply:withListenerName:]: an error occurred while attempting to obtain endpoint for listener 'ClientCallsAuxiliary': Connection invalid
2018-11-18 18:18:14.233 plugin-container[8774:387717] *** CFMessagePort: bootstrap_register(): failed 1100 (0x44c) 'Permission denied', port = 0x6f3b, name = 'com.apple.tsm.portname'
See /usr/include/servers/bootstrap_defs.h for the error codes.
2018-11-18 18:18:14.381 plugin-container[8774:387717] unable to obtain configuration from file:///Library/Preferences/com.apple.ViewBridge.plist due to Error Domain=NSCocoaErrorDomain Code=257 "The file “com.apple.ViewBridge.plist” couldn’t be opened because you don’t have permission to view it." UserInfo={NSFilePath=/Library/Preferences/com.apple.ViewBridge.plist, NSUnderlyingError=0x10efe7b20 {Error Domain=NSPOSIXErrorDomain Code=1 "Operation not permitted"}}
2018-11-18 18:18:14.384 plugin-container[8774:387734] +[NSXPCSharedListener endpointForReply:withListenerName:]: an error occurred while attempting to obtain endpoint for listener 'ClientCallsAuxiliary': Connection invalid
console.error: BroadcastService: 
  receivedBroadcastMessage: handler for
  remote-settings/monitor_changes
  threw error:
  Message: Error: Polling for changes failed: NetworkError when attempting to fetch resource..
  Stack:
    remoteSettingsFunction/remoteSettings.pollChanges@resource://services-settings/remote-settings.js:711:13

1542579461252	Marionette	INFO	Stopped listening on port 56536
